<html>
<head>
<title>TestNG:  Test</title>
<link href="../testng.css" rel="stylesheet" type="text/css" />
<link href="../my-testng.css" rel="stylesheet" type="text/css" />

<style type="text/css">
.log { display: none;} 
.stack-trace { display: none;} 
</style>
<script type="text/javascript">
<!--
function flip(e) {
  current = e.style.display;
  if (current == 'block') {
    e.style.display = 'none';
    return 0;
  }
  else {
    e.style.display = 'block';
    return 1;
  }
}

function toggleBox(szDivId, elem, msg1, msg2)
{
  var res = -1;  if (document.getElementById) {
    res = flip(document.getElementById(szDivId));
  }
  else if (document.all) {
    // this is the way old msie versions work
    res = flip(document.all[szDivId]);
  }
  if(elem) {
    if(res == 0) elem.innerHTML = msg1; else elem.innerHTML = msg2;
  }

}

function toggleAllBoxes() {
  if (document.getElementsByTagName) {
    d = document.getElementsByTagName('div');
    for (i = 0; i < d.length; i++) {
      if (d[i].className == 'log') {
        flip(d[i]);
      }
    }
  }
}

// -->
</script>

</head>
<body>
<h2 align='center'>Test</h2><table border='1' align="center">
<tr>
<td>Tests passed/Failed/Skipped:</td><td>4/1/0</td>
</tr><tr>
<td>Started on:</td><td>Sun Jul 12 11:51:49 IST 2020</td>
</tr>
<tr><td>Total time:</td><td>0 seconds (205 ms)</td>
</tr><tr>
<td>Included groups:</td><td></td>
</tr><tr>
<td>Excluded groups:</td><td></td>
</tr>
</table><p/>
<small><i>(Hover the method name to see the test class name)</i></small><p/>
<table width='100%' border='1' class='invocation-failed'>
<tr><td colspan='4' align='center'><b>FAILED TESTS</b></td></tr>
<tr><td><b>Test method</b></td>
<td width="30%"><b>Exception</b></td>
<td width="10%"><b>Time (seconds)</b></td>
<td><b>Instance</b></td>
</tr>
<tr>
<td title='test.day3.day3Demo()'><b>day3Demo</b><br>Test class: test.day3</td>
<td><div><pre>java.lang.AssertionError: did not expect to find [true] but found [false]
	at test.day3.day3Demo(day3.java:16)
	at java.base/java.util.ArrayList.forEach(ArrayList.java:1378)
	at java.base/java.util.concurrent.FutureTask.run(FutureTask.java:264)
	at java.base/java.util.concurrent.ThreadPoolExecutor.runWorker(ThreadPoolExecutor.java:1135)
	at java.base/java.util.concurrent.ThreadPoolExecutor$Worker.run(ThreadPoolExecutor.java:635)
	at java.base/java.lang.Thread.run(Thread.java:844)
... Removed 22 stack frames</pre></div><a href='#' onClick='toggleBox("stack-trace1384141024", this, "Click to show all stack frames", "Click to hide stack frames")'>Click to show all stack frames</a>
<div class='stack-trace' id='stack-trace1384141024'><pre>java.lang.AssertionError: did not expect to find [true] but found [false]
	at org.testng.Assert.fail(Assert.java:97)
	at org.testng.Assert.failNotEquals(Assert.java:969)
	at org.testng.Assert.assertTrue(Assert.java:43)
	at org.testng.Assert.assertTrue(Assert.java:53)
	at test.day3.day3Demo(day3.java:16)
	at java.base/jdk.internal.reflect.NativeMethodAccessorImpl.invoke0(Native Method)
	at java.base/jdk.internal.reflect.NativeMethodAccessorImpl.invoke(NativeMethodAccessorImpl.java:62)
	at java.base/jdk.internal.reflect.DelegatingMethodAccessorImpl.invoke(DelegatingMethodAccessorImpl.java:43)
	at java.base/java.lang.reflect.Method.invoke(Method.java:564)
	at org.testng.internal.MethodInvocationHelper.invokeMethod(MethodInvocationHelper.java:133)
	at org.testng.internal.TestInvoker.invokeMethod(TestInvoker.java:584)
	at org.testng.internal.TestInvoker.invokeTestMethod(TestInvoker.java:172)
	at org.testng.internal.MethodRunner.runInSequence(MethodRunner.java:46)
	at org.testng.internal.TestInvoker$MethodInvocationAgent.invoke(TestInvoker.java:804)
	at org.testng.internal.TestInvoker.invokeTestMethods(TestInvoker.java:145)
	at org.testng.internal.TestMethodWorker.invokeTestMethods(TestMethodWorker.java:146)
	at org.testng.internal.TestMethodWorker.run(TestMethodWorker.java:128)
	at java.base/java.util.ArrayList.forEach(ArrayList.java:1378)
	at org.testng.TestRunner.privateRun(TestRunner.java:770)
	at org.testng.TestRunner.run(TestRunner.java:591)
	at org.testng.SuiteRunner.runTest(SuiteRunner.java:402)
	at org.testng.SuiteRunner.access$000(SuiteRunner.java:41)
	at org.testng.SuiteRunner$SuiteWorker.run(SuiteRunner.java:443)
	at org.testng.internal.thread.ThreadUtil.lambda$execute$0(ThreadUtil.java:67)
	at java.base/java.util.concurrent.FutureTask.run(FutureTask.java:264)
	at java.base/java.util.concurrent.ThreadPoolExecutor.runWorker(ThreadPoolExecutor.java:1135)
	at java.base/java.util.concurrent.ThreadPoolExecutor$Worker.run(ThreadPoolExecutor.java:635)
	at java.base/java.lang.Thread.run(Thread.java:844)
</pre></div></td>
<td>0</td>
<td>test.day3@55f616cf</td></tr>
</table><p>
<table width='100%' border='1' class='invocation-passed'>
<tr><td colspan='4' align='center'><b>PASSED TESTS</b></td></tr>
<tr><td><b>Test method</b></td>
<td width="30%"><b>Exception</b></td>
<td width="10%"><b>Time (seconds)</b></td>
<td><b>Instance</b></td>
</tr>
<tr>
<td title='test.day2.credentials()'><b>credentials</b><br>Test class: test.day2<br>Parameters: user1, pword1</td>
<td></td>
<td>0</td>
<td>test.day2@73ee04c8</td></tr>
<tr>
<td title='test.day2.credentials()'><b>credentials</b><br>Test class: test.day2<br>Parameters: user2, pword2</td>
<td></td>
<td>0</td>
<td>test.day2@73ee04c8</td></tr>
<tr>
<td title='test.day2.credentials()'><b>credentials</b><br>Test class: test.day2<br>Parameters: user3, pword3</td>
<td></td>
<td>0</td>
<td>test.day2@73ee04c8</td></tr>
<tr>
<td title='test.day1.day1Demo()'><b>day1Demo</b><br>Test class: test.day1<br>Parameters: Day1/Day3.com</td>
<td></td>
<td>0</td>
<td>test.day1@1356d4d4</td></tr>
<tr>
<td title='test.day1.day1Demo1()'><b>day1Demo1</b><br>Test class: test.day1</td>
<td></td>
<td>0</td>
<td>test.day1@1356d4d4</td></tr>
<tr>
<td title='test.day2.day2Demo()'><b>day2Demo</b><br>Test class: test.day2</td>
<td></td>
<td>0</td>
<td>test.day2@73ee04c8</td></tr>
<tr>
<td title='test.day2.day2Demo1()'><b>day2Demo1</b><br>Test class: test.day2<br>Parameters: Day2.com, 12345</td>
<td></td>
<td>0</td>
<td>test.day2@73ee04c8</td></tr>
<tr>
<td title='test.day3.day3Demo5()'><b>day3Demo5</b><br>Test class: test.day3</td>
<td></td>
<td>0</td>
<td>test.day3@55f616cf</td></tr>
<tr>
<td title='test.day3.day3Demo6()'><b>day3Demo6</b><br>Test class: test.day3<br>Parameters: Day1/Day3.com</td>
<td></td>
<td>0</td>
<td>test.day3@55f616cf</td></tr>
</table><p>
</body>
</html>